<?xml version="1.0" encoding="UTF-8"?>
<testng-results skipped="0" failed="0" total="2" passed="2">
  <reporter-output>
  </reporter-output>
  <suite name="Default suite" duration-ms="19023" started-at="2023-01-22T14:00:36Z" finished-at="2023-01-22T14:00:55Z">
    <groups>
    </groups>
    <test name="Default test" duration-ms="19023" started-at="2023-01-22T14:00:36Z" finished-at="2023-01-22T14:00:55Z">
      <class name="Academy.runpage1">
        <test-method status="PASS" signature="setDriver()[pri:0, instance:Academy.runpage1@668bc3d5]" name="setDriver" is-config="true" duration-ms="3583" started-at="2023-01-22T20:00:36Z" finished-at="2023-01-22T20:00:39Z">
          <reporter-output>
          </reporter-output>
        </test-method> <!-- setDriver -->
        <test-method status="PASS" signature="Helpform()[pri:0, instance:Academy.runpage1@668bc3d5]" name="Helpform" duration-ms="8777" started-at="2023-01-22T20:00:39Z" finished-at="2023-01-22T20:00:48Z">
          <reporter-output>
          </reporter-output>
        </test-method> <!-- Helpform -->
        <test-method status="PASS" signature="Timer()[pri:0, instance:Academy.runpage1@668bc3d5]" name="Timer" duration-ms="6420" started-at="2023-01-22T20:00:48Z" finished-at="2023-01-22T20:00:54Z">
          <reporter-output>
          </reporter-output>
        </test-method> <!-- Timer -->
        <test-method status="PASS" signature="close()[pri:0, instance:Academy.runpage1@668bc3d5]" name="close" is-config="true" duration-ms="192" started-at="2023-01-22T20:00:54Z" finished-at="2023-01-22T20:00:55Z">
          <reporter-output>
          </reporter-output>
        </test-method> <!-- close -->
      </class> <!-- Academy.runpage1 -->
    </test> <!-- Default test -->
  </suite> <!-- Default suite -->
</testng-results>
